#
# A fatal error has been detected by the Java Runtime Environment:
#
#  Internal Error (javaCalls.cpp:51), pid=6102, tid=11267
#  guarantee(thread->is_Java_thread()) failed: crucial check - the VM thread cannot and must not escape to Java code
#
# JRE version: Java(TM) SE Runtime Environment (8.0_60-b27) (build 1.8.0_60-b27)
# Java VM: Java HotSpot(TM) 64-Bit Server VM (25.60-b23 mixed mode bsd-amd64 compressed oops)
# Failed to write core dump. Core dumps have been disabled. To enable core dumping, try "ulimit -c unlimited" before starting Java again
#
# If you would like to submit a bug report, please visit:
#   http://bugreport.java.com/bugreport/crash.jsp
#

---------------  T H R E A D  ---------------

Current thread (0x00007fd1d2019000):  VMThread [stack: 0x000070000dd4a000,0x000070000de4a000] [id=11267]

Stack: [0x000070000dd4a000,0x000070000de4a000],  sp=0x000070000de48b50,  free space=1018k
Native frames: (J=compiled Java code, j=interpreted, Vv=VM code, C=native code)
V  [libjvm.dylib+0x5a6522]
V  [libjvm.dylib+0x1e6843]
V  [libjvm.dylib+0x2ea1b0]
V  [libjvm.dylib+0x2eaa68]
V  [libjvm.dylib+0x2eaf86]
V  [libjvm.dylib+0x2406f7]
V  [libjvm.dylib+0x2407f2]
V  [libjvm.dylib+0x240a51]
V  [libjvm.dylib+0x240a6c]
V  [libjvm.dylib+0x2836fb]
V  [libjvm.dylib+0x286a1a]
V  [libjvm.dylib+0x286b28]
V  [libjvm.dylib+0x286f5f]
V  [libjvm.dylib+0x47a48d]
V  [libjvm.dylib+0x47a696]
V  [libjvm.dylib+0x47abc9]
V  [libjvm.dylib+0x2bdb1c]
V  [libjvm.dylib+0x448be9]
V  [libjvm.dylib+0x39536b]
V  [libjvm.dylib+0x5ae00d]
V  [libjvm.dylib+0x5ac677]
V  [libjvm.dylib+0x5acac4]
V  [libjvm.dylib+0x5ac3e3]
V  [libjvm.dylib+0x48343a]
C  [libsystem_pthread.dylib+0x393b]  _pthread_body+0xb4
C  [libsystem_pthread.dylib+0x3887]  _pthread_body+0x0
C  [libsystem_pthread.dylib+0x308d]  thread_start+0xd

VM_Operation (0x000070000e2d8958): GetOrSetLocal, mode: safepoint, requested by thread 0x00007fd1d087a000


---------------  P R O C E S S  ---------------

Java Threads: ( => current thread )
  0x00007fd1d201d000 JavaThread "Service Thread" daemon [_thread_blocked, id=20227, stack(0x000070000e7eb000,0x000070000e8eb000)]
  0x00007fd1d0864800 JavaThread "C1 CompilerThread2" daemon [_thread_blocked, id=19715, stack(0x000070000e6e8000,0x000070000e7e8000)]
  0x00007fd1d087a800 JavaThread "C2 CompilerThread1" daemon [_thread_blocked, id=19203, stack(0x000070000e5e5000,0x000070000e6e5000)]
  0x00007fd1d0862800 JavaThread "C2 CompilerThread0" daemon [_thread_blocked, id=18691, stack(0x000070000e4e2000,0x000070000e5e2000)]
  0x00007fd1d0862000 JavaThread "JDWP Command Reader" daemon [_thread_in_native, id=18179, stack(0x000070000e3df000,0x000070000e4df000)]
  0x00007fd1d201c000 JavaThread "JDWP Event Helper Thread" daemon [_thread_blocked, id=17667, stack(0x000070000e2dc000,0x000070000e3dc000)]
  0x00007fd1d087a000 JavaThread "JDWP Transport Listener: dt_socket" daemon [_thread_blocked, id=17155, stack(0x000070000e1d9000,0x000070000e2d9000)]
  0x00007fd1d1807000 JavaThread "Signal Dispatcher" daemon [_thread_blocked, id=16643, stack(0x000070000e0d6000,0x000070000e1d6000)]
  0x00007fd1d083d000 JavaThread "Finalizer" daemon [_thread_blocked, id=12291, stack(0x000070000df50000,0x000070000e050000)]
  0x00007fd1d201b800 JavaThread "Reference Handler" daemon [_thread_blocked, id=11779, stack(0x000070000de4d000,0x000070000df4d000)]
  0x00007fd1d2002000 JavaThread "main" [_thread_blocked, id=6915, stack(0x000070000d83b000,0x000070000d93b000)]

Other Threads:
=>0x00007fd1d2019000 VMThread [stack: 0x000070000dd4a000,0x000070000de4a000] [id=11267]
  0x00007fd1d1814000 WatcherThread [stack: 0x000070000e8ee000,0x000070000e9ee000] [id=20739]

VM state:at safepoint (normal execution)

VM Mutex/Monitor currently owned by a thread:  ([mutex/lock_event])
[0x00007fd1d0503010] Threads_lock - owner thread: 0x00007fd1d2019000

Heap:
 PSYoungGen      total 38400K, used 3328K [0x0000000795580000, 0x0000000798000000, 0x00000007c0000000)
  eden space 33280K, 10% used [0x0000000795580000,0x00000007958c0248,0x0000000797600000)
  from space 5120K, 0% used [0x0000000797b00000,0x0000000797b00000,0x0000000798000000)
  to   space 5120K, 0% used [0x0000000797600000,0x0000000797600000,0x0000000797b00000)
 ParOldGen       total 87552K, used 0K [0x0000000740000000, 0x0000000745580000, 0x0000000795580000)
  object space 87552K, 0% used [0x0000000740000000,0x0000000740000000,0x0000000745580000)
 Metaspace       used 3389K, capacity 4568K, committed 4864K, reserved 1056768K
  class space    used 379K, capacity 392K, committed 512K, reserved 1048576K

Card table byte_map: [0x00000001045a5000,0x00000001049a6000] byte_map_base: 0x0000000100ba5000

Marking Bits: (ParMarkBitMap*) 0x0000000103adee20
 Begin Bits: [0x0000000104c51000, 0x0000000106c51000)
 End Bits:   [0x0000000106c51000, 0x0000000108c51000)

Polling page: 0x00000001029f7000

CodeCache: size=245760Kb used=1148Kb max_used=1148Kb free=244612Kb
 bounds [0x0000000110c49000, 0x0000000110eb9000, 0x000000011fc49000]
 total_blobs=280 nmethods=48 adapters=154
 compilation: enabled

Compilation events (10 events):
Event: 0.299 Thread 0x00007fd1d0864800   42       3       java.lang.AbstractStringBuilder::<init> (12 bytes)
Event: 0.299 Thread 0x00007fd1d0864800 nmethod 42 0x0000000110d661d0 code [0x0000000110d66340, 0x0000000110d66590]
Event: 0.300 Thread 0x00007fd1d0864800   43       3       java.util.concurrent.ConcurrentHashMap::spread (10 bytes)
Event: 0.300 Thread 0x00007fd1d0864800 nmethod 43 0x0000000110d669d0 code [0x0000000110d66b20, 0x0000000110d66c70]
Event: 0.300 Thread 0x00007fd1d0864800   44       3       java.util.concurrent.ConcurrentHashMap::setTabAt (19 bytes)
Event: 0.300 Thread 0x00007fd1d0864800 nmethod 44 0x0000000110d66cd0 code [0x0000000110d66e20, 0x0000000110d66f90]
Event: 0.301 Thread 0x00007fd1d0864800   46       1       java.net.URL::getProtocol (5 bytes)
Event: 0.301 Thread 0x00007fd1d0864800 nmethod 46 0x0000000110d67010 code [0x0000000110d67160, 0x0000000110d67270]
Event: 0.301 Thread 0x00007fd1d0864800   47       3       java.lang.AbstractStringBuilder::expandCapacity (50 bytes)
Event: 0.302 Thread 0x00007fd1d0864800 nmethod 47 0x0000000110d67690 code [0x0000000110d67840, 0x0000000110d67db8]

GC Heap History (0 events):
No events

Deoptimization events (0 events):
No events

Internal exceptions (6 events):
Event: 0.075 Thread 0x00007fd1d2002000 Exception <a 'java/lang/NoSuchMethodError': Method sun.misc.Unsafe.defineClass(Ljava/lang/String;[BII)Ljava/lang/Class; name or signature does not match> (0x0000000795592f10) thrown at [/Users/java_re/workspace/8-2-build-macosx-x86_64/jdk8u60/4407/hotspot
Event: 0.075 Thread 0x00007fd1d2002000 Exception <a 'java/lang/NoSuchMethodError': Method sun.misc.Unsafe.prefetchRead(Ljava/lang/Object;J)V name or signature does not match> (0x00000007955931f8) thrown at [/Users/java_re/workspace/8-2-build-macosx-x86_64/jdk8u60/4407/hotspot/src/share/vm/prim
Event: 0.281 Thread 0x00007fd1d2002000 Exception <a 'java/security/PrivilegedActionException'> (0x0000000795622378) thrown at [/Users/java_re/workspace/8-2-build-macosx-x86_64/jdk8u60/4407/hotspot/src/share/vm/prims/jvm.cpp, line 1386]
Event: 0.281 Thread 0x00007fd1d2002000 Exception <a 'java/security/PrivilegedActionException'> (0x0000000795622770) thrown at [/Users/java_re/workspace/8-2-build-macosx-x86_64/jdk8u60/4407/hotspot/src/share/vm/prims/jvm.cpp, line 1386]
Event: 0.282 Thread 0x00007fd1d2002000 Exception <a 'java/security/PrivilegedActionException'> (0x0000000795625bf8) thrown at [/Users/java_re/workspace/8-2-build-macosx-x86_64/jdk8u60/4407/hotspot/src/share/vm/prims/jvm.cpp, line 1386]
Event: 0.282 Thread 0x00007fd1d2002000 Exception <a 'java/security/PrivilegedActionException'> (0x0000000795625ff0) thrown at [/Users/java_re/workspace/8-2-build-macosx-x86_64/jdk8u60/4407/hotspot/src/share/vm/prims/jvm.cpp, line 1386]

Events (10 events):
Event: 846.887 Executing VM operation: ChangeBreakpoints done
Event: 846.892 Executing VM operation: EnterInterpOnlyMode
Event: 846.892 Executing VM operation: EnterInterpOnlyMode done
Event: 846.892 Executing VM operation: GetCurrentLocation
Event: 846.892 Executing VM operation: GetCurrentLocation done
Event: 846.892 Executing VM operation: ChangeSingleStep
Event: 846.892 Executing VM operation: ChangeSingleStep done
Event: 846.893 Executing VM operation: ChangeSingleStep
Event: 846.893 Executing VM operation: ChangeSingleStep done
Event: 847.279 Executing VM operation: GetOrSetLocal


Dynamic libraries:
0x0000000009db1000 	/System/Library/Frameworks/Cocoa.framework/Versions/A/Cocoa
0x0000000009db1000 	/System/Library/Frameworks/Security.framework/Versions/A/Security
0x0000000009db1000 	/System/Library/Frameworks/ApplicationServices.framework/Versions/A/ApplicationServices
0x0000000009db1000 	/usr/lib/libz.1.dylib
0x0000000009db1000 	/usr/lib/libSystem.B.dylib
0x0000000009db1000 	/usr/lib/libobjc.A.dylib
0x0000000009db1000 	/System/Library/Frameworks/CoreFoundation.framework/Versions/A/CoreFoundation
0x0000000009db1000 	/System/Library/Frameworks/Foundation.framework/Versions/C/Foundation
0x0000000009db1000 	/System/Library/Frameworks/AppKit.framework/Versions/C/AppKit
0x0000000009db1000 	/System/Library/Frameworks/CoreData.framework/Versions/A/CoreData
0x0000000009db1000 	/System/Library/PrivateFrameworks/RemoteViewServices.framework/Versions/A/RemoteViewServices
0x0000000009db1000 	/System/Library/PrivateFrameworks/UIFoundation.framework/Versions/A/UIFoundation
0x0000000009db1000 	/System/Library/PrivateFrameworks/DFRFoundation.framework/Versions/A/DFRFoundation
0x0000000009db1000 	/usr/lib/libenergytrace.dylib
0x0000000009db1000 	/System/Library/PrivateFrameworks/SkyLight.framework/Versions/A/SkyLight
0x0000000009db1000 	/System/Library/Frameworks/CoreGraphics.framework/Versions/A/CoreGraphics
0x0000000009db1000 	/usr/lib/libScreenReader.dylib
0x0000000009db1000 	/System/Library/Frameworks/Accelerate.framework/Versions/A/Accelerate
0x0000000009db1000 	/System/Library/Frameworks/IOSurface.framework/Versions/A/IOSurface
0x0000000009db1000 	/System/Library/Frameworks/AudioToolbox.framework/Versions/A/AudioToolbox
0x0000000009db1000 	/System/Library/Frameworks/AudioUnit.framework/Versions/A/AudioUnit
0x0000000009db1000 	/System/Library/PrivateFrameworks/DataDetectorsCore.framework/Versions/A/DataDetectorsCore
0x0000000009db1000 	/System/Library/PrivateFrameworks/DesktopServicesPriv.framework/Versions/A/DesktopServicesPriv
0x0000000009db1000 	/System/Library/Frameworks/Carbon.framework/Versions/A/Frameworks/HIToolbox.framework/Versions/A/HIToolbox
0x0000000009db1000 	/usr/lib/libicucore.A.dylib
0x0000000009db1000 	/System/Library/Frameworks/QuartzCore.framework/Versions/A/QuartzCore
0x0000000009db1000 	/System/Library/Frameworks/Carbon.framework/Versions/A/Frameworks/SpeechRecognition.framework/Versions/A/SpeechRecognition
0x0000000009db1000 	/usr/lib/libauto.dylib
0x0000000009db1000 	/usr/lib/libxml2.2.dylib
0x0000000009db1000 	/System/Library/PrivateFrameworks/CoreUI.framework/Versions/A/CoreUI
0x0000000009db1000 	/System/Library/Frameworks/CoreAudio.framework/Versions/A/CoreAudio
0x0000000009db1000 	/System/Library/Frameworks/DiskArbitration.framework/Versions/A/DiskArbitration
0x0000000009db1000 	/usr/lib/liblangid.dylib
0x0000000009db1000 	/System/Library/PrivateFrameworks/MultitouchSupport.framework/Versions/A/MultitouchSupport
0x0000000009db1000 	/System/Library/Frameworks/IOKit.framework/Versions/A/IOKit
0x0000000009db1000 	/usr/lib/libDiagnosticMessagesClient.dylib
0x0000000009db1000 	/System/Library/Frameworks/CoreServices.framework/Versions/A/CoreServices
0x0000000009db1000 	/System/Library/PrivateFrameworks/PerformanceAnalysis.framework/Versions/A/PerformanceAnalysis
0x0000000009db1000 	/System/Library/PrivateFrameworks/GenerationalStorage.framework/Versions/A/GenerationalStorage
0x0000000009db1000 	/System/Library/Frameworks/OpenGL.framework/Versions/A/OpenGL
0x0000000009db1000 	/System/Library/Frameworks/CoreImage.framework/Versions/A/CoreImage
0x0000000009db1000 	/System/Library/Frameworks/CoreText.framework/Versions/A/CoreText
0x0000000009db1000 	/System/Library/Frameworks/ImageIO.framework/Versions/A/ImageIO
0x0000000009db1000 	/System/Library/PrivateFrameworks/Backup.framework/Versions/A/Backup
0x0000000009db1000 	/usr/lib/libarchive.2.dylib
0x0000000009db1000 	/System/Library/Frameworks/CFNetwork.framework/Versions/A/CFNetwork
0x0000000009db1000 	/System/Library/Frameworks/SystemConfiguration.framework/Versions/A/SystemConfiguration
0x0000000009db1000 	/usr/lib/libCRFSuite.dylib
0x0000000009db1000 	/usr/lib/libc++.1.dylib
0x0000000009db1000 	/usr/lib/libc++abi.dylib
0x0000000009db1000 	/usr/lib/system/libcache.dylib
0x0000000009db1000 	/usr/lib/system/libcommonCrypto.dylib
0x0000000009db1000 	/usr/lib/system/libcompiler_rt.dylib
0x0000000009db1000 	/usr/lib/system/libcopyfile.dylib
0x0000000009db1000 	/usr/lib/system/libcorecrypto.dylib
0x0000000009db1000 	/usr/lib/system/libdispatch.dylib
0x0000000009db1000 	/usr/lib/system/libdyld.dylib
0x0000000009db1000 	/usr/lib/system/libkeymgr.dylib
0x0000000009db1000 	/usr/lib/system/liblaunch.dylib
0x0000000009db1000 	/usr/lib/system/libmacho.dylib
0x0000000009db1000 	/usr/lib/system/libquarantine.dylib
0x0000000009db1000 	/usr/lib/system/libremovefile.dylib
0x0000000009db1000 	/usr/lib/system/libsystem_asl.dylib
0x0000000009db1000 	/usr/lib/system/libsystem_blocks.dylib
0x0000000009db1000 	/usr/lib/system/libsystem_c.dylib
0x0000000009db1000 	/usr/lib/system/libsystem_configuration.dylib
0x0000000009db1000 	/usr/lib/system/libsystem_coreservices.dylib
0x0000000009db1000 	/usr/lib/system/libsystem_coretls.dylib
0x0000000009db1000 	/usr/lib/system/libsystem_dnssd.dylib
0x0000000009db1000 	/usr/lib/system/libsystem_info.dylib
0x0000000009db1000 	/usr/lib/system/libsystem_kernel.dylib
0x0000000009db1000 	/usr/lib/system/libsystem_m.dylib
0x0000000009db1000 	/usr/lib/system/libsystem_malloc.dylib
0x0000000009db1000 	/usr/lib/system/libsystem_network.dylib
0x0000000009db1000 	/usr/lib/system/libsystem_networkextension.dylib
0x0000000009db1000 	/usr/lib/system/libsystem_notify.dylib
0x0000000009db1000 	/usr/lib/system/libsystem_platform.dylib
0x0000000009db1000 	/usr/lib/system/libsystem_pthread.dylib
0x0000000009db1000 	/usr/lib/system/libsystem_sandbox.dylib
0x0000000009db1000 	/usr/lib/system/libsystem_secinit.dylib
0x0000000009db1000 	/usr/lib/system/libsystem_symptoms.dylib
0x0000000009db1000 	/usr/lib/system/libsystem_trace.dylib
0x0000000009db1000 	/usr/lib/system/libunwind.dylib
0x0000000009db1000 	/usr/lib/system/libxpc.dylib
0x0000000009db1000 	/usr/lib/libbsm.0.dylib
0x0000000009db1000 	/usr/lib/system/libkxld.dylib
0x0000000009db1000 	/usr/lib/libcoretls.dylib
0x0000000009db1000 	/usr/lib/libcoretls_cfhelpers.dylib
0x0000000009db1000 	/usr/lib/libOpenScriptingUtil.dylib
0x0000000009db1000 	/usr/lib/libpam.2.dylib
0x0000000009db1000 	/usr/lib/libsqlite3.dylib
0x0000000009db1000 	/usr/lib/libxar.1.dylib
0x0000000009db1000 	/usr/lib/libbz2.1.0.dylib
0x0000000009db1000 	/usr/lib/liblzma.5.dylib
0x0000000009db1000 	/usr/lib/libnetwork.dylib
0x0000000009db1000 	/usr/lib/libpcap.A.dylib
0x0000000009db1000 	/System/Library/Frameworks/CoreServices.framework/Versions/A/Frameworks/FSEvents.framework/Versions/A/FSEvents
0x0000000009db1000 	/System/Library/Frameworks/CoreServices.framework/Versions/A/Frameworks/CarbonCore.framework/Versions/A/CarbonCore
0x0000000009db1000 	/System/Library/Frameworks/CoreServices.framework/Versions/A/Frameworks/Metadata.framework/Versions/A/Metadata
0x0000000009db1000 	/System/Library/Frameworks/CoreServices.framework/Versions/A/Frameworks/OSServices.framework/Versions/A/OSServices
0x0000000009db1000 	/System/Library/Frameworks/CoreServices.framework/Versions/A/Frameworks/SearchKit.framework/Versions/A/SearchKit
0x0000000009db1000 	/System/Library/Frameworks/CoreServices.framework/Versions/A/Frameworks/AE.framework/Versions/A/AE
0x0000000009db1000 	/System/Library/Frameworks/CoreServices.framework/Versions/A/Frameworks/LaunchServices.framework/Versions/A/LaunchServices
0x0000000009db1000 	/System/Library/Frameworks/CoreServices.framework/Versions/A/Frameworks/DictionaryServices.framework/Versions/A/DictionaryServices
0x0000000009db1000 	/System/Library/Frameworks/CoreServices.framework/Versions/A/Frameworks/SharedFileList.framework/Versions/A/SharedFileList
0x0000000009db1000 	/System/Library/Frameworks/NetFS.framework/Versions/A/NetFS
0x0000000009db1000 	/System/Library/PrivateFrameworks/NetAuth.framework/Versions/A/NetAuth
0x0000000009db1000 	/System/Library/PrivateFrameworks/login.framework/Versions/A/Frameworks/loginsupport.framework/Versions/A/loginsupport
0x0000000009db1000 	/System/Library/PrivateFrameworks/TCC.framework/Versions/A/TCC
0x0000000009db1000 	/usr/lib/libmecabra.dylib
0x0000000009db1000 	/System/Library/Frameworks/ApplicationServices.framework/Versions/A/Frameworks/ATS.framework/Versions/A/ATS
0x0000000009db1000 	/System/Library/Frameworks/ApplicationServices.framework/Versions/A/Frameworks/ColorSync.framework/Versions/A/ColorSync
0x0000000009db1000 	/System/Library/Frameworks/ApplicationServices.framework/Versions/A/Frameworks/HIServices.framework/Versions/A/HIServices
0x0000000009db1000 	/System/Library/Frameworks/ApplicationServices.framework/Versions/A/Frameworks/LangAnalysis.framework/Versions/A/LangAnalysis
0x0000000009db1000 	/System/Library/Frameworks/ApplicationServices.framework/Versions/A/Frameworks/PrintCore.framework/Versions/A/PrintCore
0x0000000009db1000 	/System/Library/Frameworks/ApplicationServices.framework/Versions/A/Frameworks/QD.framework/Versions/A/QD
0x0000000009db1000 	/System/Library/Frameworks/ApplicationServices.framework/Versions/A/Frameworks/SpeechSynthesis.framework/Versions/A/SpeechSynthesis
0x0000000009db1000 	/System/Library/Frameworks/Accelerate.framework/Versions/A/Frameworks/vImage.framework/Versions/A/vImage
0x0000000009db1000 	/System/Library/Frameworks/Accelerate.framework/Versions/A/Frameworks/vecLib.framework/Versions/A/vecLib
0x0000000009db1000 	/System/Library/Frameworks/Accelerate.framework/Versions/A/Frameworks/vecLib.framework/Versions/A/libvDSP.dylib
0x0000000009db1000 	/System/Library/Frameworks/Accelerate.framework/Versions/A/Frameworks/vecLib.framework/Versions/A/libBNNS.dylib
0x0000000009db1000 	/System/Library/Frameworks/Accelerate.framework/Versions/A/Frameworks/vecLib.framework/Versions/A/libQuadrature.dylib
0x0000000009db1000 	/System/Library/Frameworks/Accelerate.framework/Versions/A/Frameworks/vecLib.framework/Versions/A/libvMisc.dylib
0x0000000009db1000 	/System/Library/Frameworks/Accelerate.framework/Versions/A/Frameworks/vecLib.framework/Versions/A/libLAPACK.dylib
0x0000000009db1000 	/System/Library/Frameworks/Accelerate.framework/Versions/A/Frameworks/vecLib.framework/Versions/A/libBLAS.dylib
0x0000000009db1000 	/System/Library/Frameworks/Accelerate.framework/Versions/A/Frameworks/vecLib.framework/Versions/A/libLinearAlgebra.dylib
0x0000000009db1000 	/System/Library/Frameworks/Accelerate.framework/Versions/A/Frameworks/vecLib.framework/Versions/A/libSparseBLAS.dylib
0x0000000009db1000 	/System/Library/Frameworks/ApplicationServices.framework/Versions/A/Frameworks/ATS.framework/Versions/A/Resources/libFontParser.dylib
0x0000000009db1000 	/System/Library/Frameworks/ApplicationServices.framework/Versions/A/Frameworks/ATS.framework/Versions/A/Resources/libFontRegistry.dylib
0x0000000009db1000 	/System/Library/Frameworks/ImageIO.framework/Versions/A/Resources/libJPEG.dylib
0x0000000009db1000 	/System/Library/Frameworks/ImageIO.framework/Versions/A/Resources/libTIFF.dylib
0x0000000009db1000 	/System/Library/Frameworks/ImageIO.framework/Versions/A/Resources/libPng.dylib
0x0000000009db1000 	/System/Library/Frameworks/ImageIO.framework/Versions/A/Resources/libGIF.dylib
0x0000000009db1000 	/System/Library/Frameworks/ImageIO.framework/Versions/A/Resources/libJP2.dylib
0x0000000009db1000 	/System/Library/Frameworks/ImageIO.framework/Versions/A/Resources/libRadiance.dylib
0x0000000009db1000 	/usr/lib/libcompression.dylib
0x0000000009db1000 	/System/Library/PrivateFrameworks/AppleJPEG.framework/Versions/A/AppleJPEG
0x0000000009db1000 	/usr/lib/libcups.2.dylib
0x0000000009db1000 	/System/Library/Frameworks/Kerberos.framework/Versions/A/Kerberos
0x0000000009db1000 	/System/Library/Frameworks/GSS.framework/Versions/A/GSS
0x0000000009db1000 	/usr/lib/libresolv.9.dylib
0x0000000009db1000 	/usr/lib/libiconv.2.dylib
0x0000000009db1000 	/System/Library/PrivateFrameworks/Heimdal.framework/Versions/A/Heimdal
0x0000000009db1000 	/usr/lib/libheimdal-asn1.dylib
0x0000000009db1000 	/System/Library/Frameworks/OpenDirectory.framework/Versions/A/OpenDirectory
0x0000000009db1000 	/System/Library/PrivateFrameworks/CommonAuth.framework/Versions/A/CommonAuth
0x0000000009db1000 	/System/Library/Frameworks/OpenDirectory.framework/Versions/A/Frameworks/CFOpenDirectory.framework/Versions/A/CFOpenDirectory
0x0000000009db1000 	/System/Library/Frameworks/SecurityFoundation.framework/Versions/A/SecurityFoundation
0x0000000009db1000 	/System/Library/PrivateFrameworks/LanguageModeling.framework/Versions/A/LanguageModeling
0x0000000009db1000 	/usr/lib/libmarisa.dylib
0x0000000009db1000 	/usr/lib/libChineseTokenizer.dylib
0x0000000009db1000 	/usr/lib/libcmph.dylib
0x0000000009db1000 	/System/Library/PrivateFrameworks/CoreEmoji.framework/Versions/A/CoreEmoji
0x0000000009db1000 	/System/Library/Frameworks/ServiceManagement.framework/Versions/A/ServiceManagement
0x0000000009db1000 	/usr/lib/libxslt.1.dylib
0x0000000009db1000 	/System/Library/Frameworks/Carbon.framework/Versions/A/Frameworks/Ink.framework/Versions/A/Ink
0x0000000009db1000 	/System/Library/PrivateFrameworks/TextureIO.framework/Versions/A/TextureIO
0x0000000009db1000 	/System/Library/Frameworks/Metal.framework/Versions/A/Metal
0x0000000009db1000 	/usr/lib/libate.dylib
0x0000000009db1000 	/System/Library/PrivateFrameworks/GPUCompiler.framework/libmetal_timestamp.dylib
0x0000000009db1000 	/System/Library/Frameworks/OpenGL.framework/Versions/A/Libraries/libCoreFSCache.dylib
0x0000000009db1000 	/System/Library/PrivateFrameworks/IOAccelerator.framework/Versions/A/IOAccelerator
0x0000000009db1000 	/System/Library/Frameworks/CoreVideo.framework/Versions/A/CoreVideo
0x0000000009db1000 	/usr/lib/libFosl_dynamic.dylib
0x0000000009db1000 	/System/Library/PrivateFrameworks/MetalPerformanceShaders.framework/Versions/A/MetalPerformanceShaders
0x0000000009db1000 	/System/Library/PrivateFrameworks/FaceCore.framework/Versions/A/FaceCore
0x0000000009db1000 	/System/Library/Frameworks/OpenCL.framework/Versions/A/OpenCL
0x0000000009db1000 	/System/Library/Frameworks/OpenGL.framework/Versions/A/Libraries/libGLU.dylib
0x0000000009db1000 	/System/Library/Frameworks/OpenGL.framework/Versions/A/Libraries/libGFXShared.dylib
0x0000000009db1000 	/System/Library/Frameworks/OpenGL.framework/Versions/A/Libraries/libGL.dylib
0x0000000009db1000 	/System/Library/Frameworks/OpenGL.framework/Versions/A/Libraries/libGLImage.dylib
0x0000000009db1000 	/System/Library/Frameworks/OpenGL.framework/Versions/A/Libraries/libCVMSPluginSupport.dylib
0x0000000009db1000 	/System/Library/Frameworks/OpenGL.framework/Versions/A/Libraries/libCoreVMClient.dylib
0x0000000009db1000 	/System/Library/PrivateFrameworks/CrashReporterSupport.framework/Versions/A/CrashReporterSupport
0x0000000009db1000 	/System/Library/PrivateFrameworks/Sharing.framework/Versions/A/Sharing
0x0000000009db1000 	/System/Library/PrivateFrameworks/IconServices.framework/Versions/A/IconServices
0x0000000009db1000 	/System/Library/PrivateFrameworks/ProtocolBuffer.framework/Versions/A/ProtocolBuffer
0x0000000009db1000 	/System/Library/PrivateFrameworks/Apple80211.framework/Versions/A/Apple80211
0x0000000009db1000 	/System/Library/Frameworks/CoreWLAN.framework/Versions/A/CoreWLAN
0x0000000009db1000 	/System/Library/PrivateFrameworks/CoreUtils.framework/Versions/A/CoreUtils
0x0000000009db1000 	/System/Library/Frameworks/IOBluetooth.framework/Versions/A/IOBluetooth
0x0000000009db1000 	/System/Library/PrivateFrameworks/CoreWiFi.framework/Versions/A/CoreWiFi
0x0000000009db1000 	/System/Library/Frameworks/CoreBluetooth.framework/Versions/A/CoreBluetooth
0x0000000009db1000 	/System/Library/Frameworks/CoreDisplay.framework/Versions/A/CoreDisplay
0x0000000009db1000 	/System/Library/PrivateFrameworks/IOPresentment.framework/Versions/A/IOPresentment
0x0000000009db1000 	/System/Library/PrivateFrameworks/DSExternalDisplay.framework/Versions/A/DSExternalDisplay
0x0000000009db1000 	/System/Library/PrivateFrameworks/DebugSymbols.framework/Versions/A/DebugSymbols
0x0000000009db1000 	/System/Library/PrivateFrameworks/CoreSymbolication.framework/Versions/A/CoreSymbolication
0x0000000009db1000 	/System/Library/PrivateFrameworks/Symbolication.framework/Versions/A/Symbolication
0x0000000009db1000 	/System/Library/PrivateFrameworks/AppleFSCompression.framework/Versions/A/AppleFSCompression
0x0000000009db1000 	/System/Library/PrivateFrameworks/SpeechRecognitionCore.framework/Versions/A/SpeechRecognitionCore
0x0000000009db1000 	/System/Library/PrivateFrameworks/ChunkingLibrary.framework/Versions/A/ChunkingLibrary
0x0000000103200000 	/Library/Java/JavaVirtualMachines/jdk1.8.0_60.jdk/Contents/Home/jre/lib/server/libjvm.dylib
0x0000000009db1000 	/usr/lib/libstdc++.6.dylib
0x00000001029b4000 	/Library/Java/JavaVirtualMachines/jdk1.8.0_60.jdk/Contents/Home/jre/lib/libverify.dylib
0x00000001029c2000 	/Library/Java/JavaVirtualMachines/jdk1.8.0_60.jdk/Contents/Home/jre/lib/libjava.dylib
0x0000000104189000 	/Library/Java/JavaVirtualMachines/jdk1.8.0_60.jdk/Contents/Home/jre/lib/libjdwp.dylib
0x00000001029f8000 	/Library/Java/JavaVirtualMachines/jdk1.8.0_60.jdk/Contents/Home/jre/lib/libnpt.dylib
0x00000001041dc000 	/Library/Java/JavaVirtualMachines/jdk1.8.0_60.jdk/Contents/Home/jre/lib/libzip.dylib
0x000000010ab47000 	/System/Library/Frameworks/JavaVM.framework/Frameworks/JavaRuntimeSupport.framework/JavaRuntimeSupport
0x000000010ab61000 	/System/Library/Frameworks/JavaVM.framework/Versions/A/Frameworks/JavaNativeFoundation.framework/Versions/A/JavaNativeFoundation
0x000000010ab76000 	/System/Library/Frameworks/JavaVM.framework/Versions/A/JavaVM
0x0000000009db1000 	/System/Library/Frameworks/Carbon.framework/Versions/A/Carbon
0x000000010ab83000 	/System/Library/PrivateFrameworks/JavaLaunching.framework/Versions/A/JavaLaunching
0x0000000009db1000 	/System/Library/Frameworks/Carbon.framework/Versions/A/Frameworks/CommonPanels.framework/Versions/A/CommonPanels
0x0000000009db1000 	/System/Library/Frameworks/Carbon.framework/Versions/A/Frameworks/Help.framework/Versions/A/Help
0x0000000009db1000 	/System/Library/Frameworks/Carbon.framework/Versions/A/Frameworks/ImageCapture.framework/Versions/A/ImageCapture
0x0000000009db1000 	/System/Library/Frameworks/Carbon.framework/Versions/A/Frameworks/OpenScripting.framework/Versions/A/OpenScripting
0x0000000009db1000 	/System/Library/Frameworks/Carbon.framework/Versions/A/Frameworks/Print.framework/Versions/A/Print
0x0000000009db1000 	/System/Library/Frameworks/Carbon.framework/Versions/A/Frameworks/SecurityHI.framework/Versions/A/SecurityHI
0x000000010c490000 	/Library/Java/JavaVirtualMachines/jdk1.8.0_60.jdk/Contents/Home/jre/lib/libdt_socket.dylib

VM Arguments:
jvm_args: -agentlib:jdwp=transport=dt_socket,suspend=y,address=localhost:63391 -Djava.library.path=/Users/Quantum/Documents/GitHub/RoundTableJava/naitives -Dfile.encoding=UTF-8 
java_command: Main
java_class_path (initial): /Users/Quantum/Documents/GitHub/RoundTableJava/bin:/Users/Quantum/Documents/GitHub/RoundTableJava/jgoodies-forms-1.8.0.jar:/Users/Quantum/Documents/GitHub/RoundTableJava/miglayout15-swing.jar:/Users/Quantum/Documents/GitHub/RoundTableJava/lib/lwjgl.jar:/Users/Quantum/Documents/GitHub/RoundTableJava/lib/slick.jar
Launcher Type: SUN_STANDARD

Environment Variables:
PATH=/usr/bin:/bin:/usr/sbin:/sbin
SHELL=/bin/bash
DISPLAY=/private/tmp/com.apple.launchd.wkJ6j0sCty/org.macosforge.xquartz:0

Signal Handlers:
SIGSEGV: [libjvm.dylib+0x5a6d31], sa_mask[0]=11111111011111110111111111111111, sa_flags=SA_ONSTACK|SA_RESTART|SA_SIGINFO
SIGBUS: [libjvm.dylib+0x5a6d31], sa_mask[0]=11111111011111110111111111111111, sa_flags=SA_RESTART|SA_SIGINFO
SIGFPE: [libjvm.dylib+0x480a4c], sa_mask[0]=11111111011111110111111111111111, sa_flags=SA_RESTART|SA_SIGINFO
SIGPIPE: [libjvm.dylib+0x480a4c], sa_mask[0]=11111111011111110111111111111111, sa_flags=SA_RESTART|SA_SIGINFO
SIGXFSZ: [libjvm.dylib+0x480a4c], sa_mask[0]=11111111011111110111111111111111, sa_flags=SA_RESTART|SA_SIGINFO
SIGILL: [libjvm.dylib+0x480a4c], sa_mask[0]=11111111011111110111111111111111, sa_flags=SA_RESTART|SA_SIGINFO
SIGUSR1: SIG_DFL, sa_mask[0]=00000000000000000000000000000000, sa_flags=none
SIGUSR2: [libjvm.dylib+0x48056a], sa_mask[0]=00100000000000000000000000000000, sa_flags=SA_RESTART|SA_SIGINFO
SIGHUP: [libjvm.dylib+0x47eb41], sa_mask[0]=11111111011111110111111111111111, sa_flags=SA_RESTART|SA_SIGINFO
SIGINT: [libjvm.dylib+0x47eb41], sa_mask[0]=11111111011111110111111111111111, sa_flags=SA_RESTART|SA_SIGINFO
SIGTERM: [libjvm.dylib+0x47eb41], sa_mask[0]=11111111011111110111111111111111, sa_flags=SA_RESTART|SA_SIGINFO
SIGQUIT: [libjvm.dylib+0x47eb41], sa_mask[0]=11111111011111110111111111111111, sa_flags=SA_RESTART|SA_SIGINFO


---------------  S Y S T E M  ---------------

OS:Bsduname:Darwin 16.7.0 Darwin Kernel Version 16.7.0: Thu Jan 11 22:59:40 PST 2018; root:xnu-3789.73.8~1/RELEASE_X86_64 x86_64
rlimit: STACK 8192k, CORE 0k, NPROC 709, NOFILE 10240, AS infinity
load average:2.20 1.91 2.05

CPU:total 4 (2 cores per cpu, 2 threads per core) family 6 model 61 stepping 4, cmov, cx8, fxsr, mmx, sse, sse2, sse3, ssse3, sse4.1, sse4.2, popcnt, avx, avx2, aes, clmul, erms, 3dnowpref, lzcnt, ht, tsc, tscinvbit, bmi1, bmi2, adx

Memory: 4k page, physical 8388608k(2351684k free)

/proc/meminfo:


vm_info: Java HotSpot(TM) 64-Bit Server VM (25.60-b23) for bsd-amd64 JRE (1.8.0_60-b27), built on Aug  4 2015 10:47:24 by "java_re" with gcc 4.2.1 (Based on Apple Inc. build 5658) (LLVM build 2336.11.00)

time: Tue Apr  3 15:49:44 2018
elapsed time: 847 seconds (0d 0h 14m 7s)

